<?xml version="1.0" encoding="UTF-8"?>
<!-- Generated by org.testng.reporters.JUnitReportReporter -->
<testsuite hostname="staah-Lenovo-V130-15IKB" failures="0" tests="1" name="MaxBEDemo.MaxBE.pageTest.LandingPageTest" time="32.244" errors="0" timestamp="2023-10-18T09:07:34 IST" skipped="0">
  <testcase classname="MaxBEDemo.MaxBE.pageTest.LandingPageTest" name="listingPageTest" time="32.244"/>
</testsuite> <!-- MaxBEDemo.MaxBE.pageTest.LandingPageTest -->
