<?xml version="1.0" encoding="UTF-8"?>
<!-- Generated by org.testng.reporters.JUnitReportReporter -->
<testsuite hostname="LAPTOP-DIVUF89F" failures="0" tests="1" name="MaxBEDemo.MaxBE.pageTest.LandingPageTest" time="8.749" errors="0" timestamp="2023-10-18T07:20:53 IST" skipped="0">
  <testcase classname="MaxBEDemo.MaxBE.pageTest.LandingPageTest" name="listingPageTest" time="8.749"/>
</testsuite> <!-- MaxBEDemo.MaxBE.pageTest.LandingPageTest -->
